<?xml version="1.0" encoding="UTF-8"?>
<!-- Generated by org.testng.reporters.JUnitReportReporter -->
<testsuite hostname="DESKTOP-LG9UCNK" failures="0" tests="3" name="Saucedemo.MyTest" time="10.029" errors="0" timestamp="2023-12-25T22:04:58 EET" skipped="0">
  <testcase classname="Saucedemo.MyTest" name="FilterItems" time="8.566"/>
  <system-out/>
  <testcase classname="Saucedemo.MyTest" name="AddToCart" time="0.358"/>
  <system-out/>
  <testcase classname="Saucedemo.MyTest" name="CheckOut" time="1.105"/>
  <system-out/>
</testsuite> <!-- Saucedemo.MyTest -->
