<?xml version="1.0" encoding="UTF-8"?>
<!-- Generated by org.testng.reporters.JUnitReportReporter -->
<testsuite hostname="DESKTOP-LG9UCNK" failures="0" tests="3" name="Saucedemo.MyTest" time="7.302" errors="0" timestamp="2023-12-16T22:29:39 EET" skipped="0">
  <testcase classname="Saucedemo.MyTest" name="FilterItems" time="4.365"/>
  <system-out/>
  <testcase classname="Saucedemo.MyTest" name="AddToCart" time="0.317"/>
  <system-out/>
  <testcase classname="Saucedemo.MyTest" name="CheckOut" time="2.620"/>
  <system-out/>
</testsuite> <!-- Saucedemo.MyTest -->
